> Task :compileJava UP-TO-DATE
> Task :processResources UP-TO-DATE
> Task :classes UP-TO-DATE

> Task :run
SLF4J(W): Class path contains multiple SLF4J providers.
SLF4J(W): Found provider [ch.qos.logback.classic.spi.LogbackServiceProvider@589b3632]
SLF4J(W): Found provider [org.slf4j.simple.SimpleServiceProvider@45f45fa1]
SLF4J(W): See https://www.slf4j.org/codes.html#multiple_bindings for an explanation.
SLF4J(I): Actual provider is of type [ch.qos.logback.classic.spi.LogbackServiceProvider@589b3632]
[32mINFO  [main] [Cooja.java:1145] - Loading /workspace/testbed/results/data/fullgrid/_work/N100_PPM120/topo06/seed1/rssi-re-bdi-qo-hc__0101111/simulation.csc random seed: null[0;39m
> make COOJA_VIB_SENSOR=0 COOJA_BEEP=0 COOJA_BUTTON=0 COOJA_PIR_SENSOR=0 COOJA_LED=0 COOJA_CFS=0 COOJA_EEPROM=0 sink.cooja TARGET=cooja
  MKDIR     build/cooja/obj/.deps
  CC        sink.c
  CC        /workspace/contiki-ng/arch/platform/cooja/sys/cooja_mt.c
  CC        /workspace/contiki-ng/arch/platform/cooja/./rtimer-arch.c
  CC        /workspace/contiki-ng/arch/platform/cooja/dev/watchdog.c
  CC        /workspace/contiki-ng/arch/platform/cooja/./int-master.c
  CC        /workspace/contiki-ng/arch/platform/cooja/dev/beep.c
  CC        /workspace/contiki-ng/arch/platform/cooja/dev/ip.c
  CC        /workspace/contiki-ng/arch/platform/cooja/dev/leds-arch.c
  CC        /workspace/contiki-ng/arch/platform/cooja/dev/moteid.c
  CC        /workspace/contiki-ng/arch/platform/cooja/dev/pir-sensor.c
  CC        /workspace/contiki-ng/arch/platform/cooja/dev/rs232.c
  CC        /workspace/contiki-ng/arch/platform/cooja/dev/vib-sensor.c
  CC        /workspace/contiki-ng/arch/platform/cooja/sys/clock.c
  CC        /workspace/contiki-ng/arch/platform/cooja/sys/cooja-log.c
  CC        /workspace/contiki-ng/arch/platform/cooja/cfs/cfs-cooja.c
  CC        /workspace/contiki-ng/arch/platform/cooja/dev/cooja-radio.c
  CC        /workspace/contiki-ng/arch/platform/cooja/dev/eeprom.c
  CC        /workspace/contiki-ng/arch/platform/cooja/./slip-arch.c
  CC        /workspace/contiki-ng/arch/platform/cooja/./platform.c
  CC        /workspace/contiki-ng/arch/platform/cooja/./mtype.c
  CC        /workspace/contiki-ng/os/lib/random.c
  CC        /workspace/contiki-ng/os/lib/sensors.c
  CC        /workspace/contiki-ng/os/dev/leds.c
  CC        /workspace/contiki-ng/arch/platform/cooja/dev/gpio-hal-arch.c
  CC        /workspace/contiki-ng/arch/platform/cooja/dev/buttons.c
  CC        /workspace/contiki-ng/os/contiki-main.c
  CC        /workspace/contiki-ng/os/dev/button-hal.c
  CC        /workspace/contiki-ng/os/dev/gpio-hal.c
  CC        /workspace/contiki-ng/os/dev/nullradio.c
  CC        /workspace/contiki-ng/os/dev/serial-line.c
  CC        /workspace/contiki-ng/os/dev/slip.c
  CC        /workspace/contiki-ng/os/lib/aes-128.c
  CC        /workspace/contiki-ng/os/lib/assert.c
  CC        /workspace/contiki-ng/os/lib/bitrev.c
  CC        /workspace/contiki-ng/os/lib/cbor.c
  CC        /workspace/contiki-ng/os/lib/ccm-star.c
  CC        /workspace/contiki-ng/os/lib/circular-list.c
  CC        /workspace/contiki-ng/os/lib/crc16.c
  CC        /workspace/contiki-ng/os/lib/csprng.c
  CC        /workspace/contiki-ng/os/lib/dbl-circ-list.c
  CC        /workspace/contiki-ng/os/lib/dbl-list.c
  CC        /workspace/contiki-ng/os/lib/ecc-curve.c
  CC        /workspace/contiki-ng/os/lib/heapmem.c
  CC        /workspace/contiki-ng/os/lib/hexconv.c
  CC        /workspace/contiki-ng/os/lib/ifft.c
  CC        /workspace/contiki-ng/os/lib/iq-seeder.c
  CC        /workspace/contiki-ng/os/lib/list.c
  CC        /workspace/contiki-ng/os/lib/memb.c
  CC        /workspace/contiki-ng/os/lib/ringbuf.c
  CC        /workspace/contiki-ng/os/lib/ringbufindex.c
  CC        /workspace/contiki-ng/os/lib/sha-256.c
  CC        /workspace/contiki-ng/os/lib/trickle-timer.c
  CC        /workspace/contiki-ng/os/net/link-stats.c
  CC        /workspace/contiki-ng/os/net/linkaddr.c
  CC        /workspace/contiki-ng/os/net/nbr-table.c
  CC        /workspace/contiki-ng/os/net/net-debug.c
  CC        /workspace/contiki-ng/os/net/netstack.c
  CC        /workspace/contiki-ng/os/net/packetbuf.c
  CC        /workspace/contiki-ng/os/net/queuebuf.c
  CC        /workspace/contiki-ng/os/net/ipv6/ip64-addr.c
  CC        /workspace/contiki-ng/os/net/ipv6/psock.c
  CC        /workspace/contiki-ng/os/net/ipv6/sicslowpan.c
  CC        /workspace/contiki-ng/os/net/ipv6/simple-udp.c
  CC        /workspace/contiki-ng/os/net/ipv6/tcp-socket.c
  CC        /workspace/contiki-ng/os/net/ipv6/tcpip.c
  CC        /workspace/contiki-ng/os/net/ipv6/udp-socket.c
  CC        /workspace/contiki-ng/os/net/ipv6/uip-ds6-nbr.c
  CC        /workspace/contiki-ng/os/net/ipv6/uip-ds6-route.c
  CC        /workspace/contiki-ng/os/net/ipv6/uip-ds6.c
  CC        /workspace/contiki-ng/os/net/ipv6/uip-icmp6.c
  CC        /workspace/contiki-ng/os/net/ipv6/uip-nameserver.c
  CC        /workspace/contiki-ng/os/net/ipv6/uip-nd6.c
  CC        /workspace/contiki-ng/os/net/ipv6/uip-packetqueue.c
  CC        /workspace/contiki-ng/os/net/ipv6/uip-sr.c
  CC        /workspace/contiki-ng/os/net/ipv6/uip-udp-packet.c
  CC        /workspace/contiki-ng/os/net/ipv6/uip6.c
  CC        /workspace/contiki-ng/os/net/ipv6/uipbuf.c
  CC        /workspace/contiki-ng/os/net/ipv6/uiplib.c
  CC        /workspace/contiki-ng/os/net/mac/anti-replay.c
  CC        /workspace/contiki-ng/os/net/mac/ccm-star-packetbuf.c
  CC        /workspace/contiki-ng/os/net/mac/mac-sequence.c
  CC        /workspace/contiki-ng/os/net/mac/csma/csma-output.c
  CC        /workspace/contiki-ng/os/net/mac/csma/csma-security.c
  CC        /workspace/contiki-ng/os/net/mac/csma/csma.c
  CC        /workspace/contiki-ng/os/net/mac/framer/frame802154.c
  CC        /workspace/contiki-ng/os/net/mac/framer/frame802154e-ie.c
  CC        /workspace/contiki-ng/os/net/mac/framer/framer-802154.c
  CC        /workspace/contiki-ng/os/net/mac/framer/nullframer.c
  CC        /workspace/contiki-ng/os/net/routing/rpl-lite/rpl-dag-root.c
  CC        /workspace/contiki-ng/os/net/routing/rpl-lite/rpl-dag.c
  CC        /workspace/contiki-ng/os/net/routing/rpl-lite/rpl-ext-header.c
  CC        /workspace/contiki-ng/os/net/routing/rpl-lite/rpl-icmp6.c
  CC        /workspace/contiki-ng/os/net/routing/rpl-lite/rpl-mrhof.c
  CC        /workspace/contiki-ng/os/net/routing/rpl-lite/rpl-nbr-policy.c
  CC        /workspace/contiki-ng/os/net/routing/rpl-lite/rpl-neighbor.c
  CC        /workspace/contiki-ng/os/net/routing/rpl-lite/rpl-of0.c
  CC        /workspace/contiki-ng/os/net/routing/rpl-lite/rpl-timers.c
  CC        /workspace/contiki-ng/os/net/routing/rpl-lite/rpl.c
  CC        /workspace/contiki-ng/os/sys/atomic.c
  CC        /workspace/contiki-ng/os/sys/autostart.c
  CC        /workspace/contiki-ng/os/sys/compower.c
  CC        /workspace/contiki-ng/os/sys/ctimer.c
  CC        /workspace/contiki-ng/os/sys/energest.c
  CC        /workspace/contiki-ng/os/sys/etimer.c
  CC        /workspace/contiki-ng/os/sys/log.c
  CC        /workspace/contiki-ng/os/sys/mutex.c
  CC        /workspace/contiki-ng/os/sys/node-id.c
  CC        /workspace/contiki-ng/os/sys/process-mutex.c
  CC        /workspace/contiki-ng/os/sys/process.c
  CC        /workspace/contiki-ng/os/sys/rtimer.c
  CC        /workspace/contiki-ng/os/sys/stimer.c
  CC        /workspace/contiki-ng/os/sys/timer.c
  LD        build/cooja/sink.cooja
> make COOJA_VIB_SENSOR=0 COOJA_BEEP=0 COOJA_BUTTON=0 COOJA_PIR_SENSOR=0 COOJA_LED=0 COOJA_CFS=0 COOJA_EEPROM=0 node.cooja TARGET=cooja
  CC        node.c
  LD        build/cooja/node.cooja
[32mINFO  [main] [LogScriptEngine.java:231] - Script timeout in 6000000 ms[0;39m
[32mINFO  [script] [Nd4jBackend.java:178] - Loaded [CpuBackend] backend[0;39m
[32mINFO  [script] [NativeOpsHolder.java:113] - Number of threads used for linear algebra: 1[0;39m
[32mINFO  [script] [CpuNDArrayFactory.java:103] - Binary level Generic x86 optimization level AVX512[0;39m
[32mINFO  [script] [Nd4jBlas.java:55] - Number of threads used for OpenMP BLAS: 1[0;39m
[32mINFO  [script] [DefaultOpExecutioner.java:671] - Backend used: [CPU]; OS: [Linux][0;39m
[32mINFO  [script] [DefaultOpExecutioner.java:672] - Cores: [24]; Memory: [2.0GB];[0;39m
[32mINFO  [script] [DefaultOpExecutioner.java:673] - Blas vendor: [OPENBLAS][0;39m
[32mINFO  [script] [CpuBackend.java:84] - Backend build information:
 GCC: "7.5.0"
STD version: 201103L
DEFAULT_ENGINE: samediff::ENGINE_CPU
HAVE_FLATBUFFERS
HAVE_OPENBLAS[0;39m
[32mINFO  [script] [OneTimeLogger.java:71] - Starting ComputationGraph with WorkspaceModes set to [training: ENABLED; inference: ENABLED], cacheMode set to [NONE][0;39m
[32mINFO  [sim] [LogScriptEngine.java:320] -  5% completed, 11887.4 sec remaining[0;39m
[32mINFO  [sim] [LogScriptEngine.java:320] - 10% completed, 6729.5 sec remaining[0;39m
[32mINFO  [sim] [LogScriptEngine.java:320] - 15% completed, 5883.0 sec remaining[0;39m
[32mINFO  [sim] [LogScriptEngine.java:320] - 20% completed, 5634.2 sec remaining[0;39m
[32mINFO  [sim] [LogScriptEngine.java:320] - 25% completed, 5569.8 sec remaining[0;39m
[32mINFO  [sim] [LogScriptEngine.java:320] - 30% completed, 5312.4 sec remaining[0;39m
[32mINFO  [sim] [LogScriptEngine.java:320] - 35% completed, 5066.8 sec remaining[0;39m
[32mINFO  [sim] [LogScriptEngine.java:320] - 40% completed, 4274.9 sec remaining[0;39m
[32mINFO  [sim] [LogScriptEngine.java:320] - 45% completed, 3858.2 sec remaining[0;39m
[32mINFO  [sim] [LogScriptEngine.java:320] - 50% completed, 3223.2 sec remaining[0;39m
[32mINFO  [sim] [LogScriptEngine.java:320] - 55% completed, 2689.2 sec remaining[0;39m
[32mINFO  [sim] [LogScriptEngine.java:320] - 60% completed, 2307.8 sec remaining[0;39m
[32mINFO  [sim] [LogScriptEngine.java:320] - 65% completed, 1961.1 sec remaining[0;39m
[32mINFO  [sim] [LogScriptEngine.java:320] - 70% completed, 1638.8 sec remaining[0;39m
[32mINFO  [sim] [LogScriptEngine.java:320] - 75% completed, 1301.5 sec remaining[0;39m
[32mINFO  [sim] [LogScriptEngine.java:320] - 80% completed, 979.9 sec remaining[0;39m
[32mINFO  [sim] [LogScriptEngine.java:320] - 85% completed, 693.7 sec remaining[0;39m
[32mINFO  [sim] [LogScriptEngine.java:320] - 90% completed, 437.7 sec remaining[0;39m
[32mINFO  [sim] [LogScriptEngine.java:320] - 95% completed, 207.5 sec remaining[0;39m
[32mINFO  [sim] [LogScriptEngine.java:294] - Timeout event @ 6000000000[0;39m
[32mINFO  [sim] [Simulation.java:450] - Runtime: 3946392 ms. Simulated time: 6000000 ms. Speedup: 1.520376080227205[0;39m
[32mINFO  [main] [Cooja.java:1171] - TEST OK
[0;39m

BUILD SUCCESSFUL in 1h 6m 10s
3 actionable tasks: 1 executed, 2 up-to-date
